{"/home/wes/apktoolz/backend/src/api/controllers/auth.controller.js": {"path":"/home/wes/apktoolz/backend/src/api/controllers/auth.controller.js","statementMap":{"0":{"start":{"line":1,"column":12},"end":{"line":1,"column":35}},"1":{"start":{"line":2,"column":15},"end":{"line":2,"column":32}},"2":{"start":{"line":3,"column":13},"end":{"line":3,"column":52}},"3":{"start":{"line":4,"column":22},"end":{"line":4,"column":66}},"4":{"start":{"line":5,"column":48},"end":{"line":5,"column":86}},"5":{"start":{"line":6,"column":24},"end":{"line":6,"column":64}},"6":{"start":{"line":9,"column":0},"end":{"line":37,"column":2}},"7":{"start":{"line":10,"column":2},"end":{"line":36,"column":3}},"8":{"start":{"line":11,"column":48},"end":{"line":11,"column":56}},"9":{"start":{"line":14,"column":4},"end":{"line":16,"column":5}},"10":{"start":{"line":15,"column":6},"end":{"line":15,"column":83}},"11":{"start":{"line":18,"column":17},"end":{"line":18,"column":62}},"12":{"start":{"line":19,"column":30},"end":{"line":19,"column":62}},"13":{"start":{"line":20,"column":4},"end":{"line":20,"column":22}},"14":{"start":{"line":23,"column":28},"end":{"line":23,"column":93}},"15":{"start":{"line":24,"column":4},"end":{"line":29,"column":7}},"16":{"start":{"line":31,"column":4},"end":{"line":33,"column":7}},"17":{"start":{"line":35,"column":4},"end":{"line":35,"column":52}},"18":{"start":{"line":40,"column":0},"end":{"line":78,"column":2}},"19":{"start":{"line":41,"column":2},"end":{"line":77,"column":3}},"20":{"start":{"line":42,"column":32},"end":{"line":42,"column":40}},"21":{"start":{"line":43,"column":17},"end":{"line":43,"column":66}},"22":{"start":{"line":45,"column":4},"end":{"line":47,"column":5}},"23":{"start":{"line":46,"column":6},"end":{"line":46,"column":76}},"24":{"start":{"line":49,"column":4},"end":{"line":51,"column":5}},"25":{"start":{"line":50,"column":6},"end":{"line":50,"column":70}},"26":{"start":{"line":54,"column":18},"end":{"line":54,"column":41}},"27":{"start":{"line":55,"column":25},"end":{"line":55,"column":55}},"28":{"start":{"line":58,"column":4},"end":{"line":61,"column":7}},"29":{"start":{"line":62,"column":4},"end":{"line":62,"column":32}},"30":{"start":{"line":63,"column":4},"end":{"line":63,"column":22}},"31":{"start":{"line":65,"column":4},"end":{"line":74,"column":7}},"32":{"start":{"line":76,"column":4},"end":{"line":76,"column":46}},"33":{"start":{"line":81,"column":0},"end":{"line":137,"column":2}},"34":{"start":{"line":82,"column":2},"end":{"line":136,"column":3}},"35":{"start":{"line":83,"column":29},"end":{"line":83,"column":37}},"36":{"start":{"line":85,"column":4},"end":{"line":87,"column":5}},"37":{"start":{"line":86,"column":6},"end":{"line":86,"column":76}},"38":{"start":{"line":90,"column":20},"end":{"line":90,"column":76}},"39":{"start":{"line":91,"column":17},"end":{"line":91,"column":48}},"40":{"start":{"line":93,"column":4},"end":{"line":95,"column":5}},"41":{"start":{"line":94,"column":6},"end":{"line":94,"column":72}},"42":{"start":{"line":98,"column":23},"end":{"line":98,"column":82}},"43":{"start":{"line":98,"column":57},"end":{"line":98,"column":81}},"44":{"start":{"line":99,"column":4},"end":{"line":101,"column":5}},"45":{"start":{"line":100,"column":6},"end":{"line":100,"column":74}},"46":{"start":{"line":104,"column":4},"end":{"line":104,"column":45}},"47":{"start":{"line":107,"column":21},"end":{"line":111,"column":5}},"48":{"start":{"line":113,"column":28},"end":{"line":117,"column":5}},"49":{"start":{"line":120,"column":4},"end":{"line":123,"column":7}},"50":{"start":{"line":125,"column":4},"end":{"line":125,"column":22}},"51":{"start":{"line":127,"column":4},"end":{"line":130,"column":7}},"52":{"start":{"line":132,"column":4},"end":{"line":134,"column":5}},"53":{"start":{"line":133,"column":6},"end":{"line":133,"column":72}},"54":{"start":{"line":135,"column":4},"end":{"line":135,"column":63}},"55":{"start":{"line":140,"column":0},"end":{"line":175,"column":2}},"56":{"start":{"line":141,"column":2},"end":{"line":174,"column":3}},"57":{"start":{"line":142,"column":22},"end":{"line":142,"column":30}},"58":{"start":{"line":143,"column":17},"end":{"line":143,"column":46}},"59":{"start":{"line":145,"column":4},"end":{"line":147,"column":5}},"60":{"start":{"line":146,"column":6},"end":{"line":146,"column":65}},"61":{"start":{"line":150,"column":23},"end":{"line":150,"column":54}},"62":{"start":{"line":151,"column":4},"end":{"line":151,"column":22}},"63":{"start":{"line":154,"column":21},"end":{"line":154,"column":85}},"64":{"start":{"line":155,"column":4},"end":{"line":160,"column":7}},"65":{"start":{"line":162,"column":4},"end":{"line":164,"column":7}},"66":{"start":{"line":166,"column":4},"end":{"line":166,"column":40}},"67":{"start":{"line":167,"column":4},"end":{"line":167,"column":42}},"68":{"start":{"line":168,"column":4},"end":{"line":168,"column":22}},"69":{"start":{"line":170,"column":4},"end":{"line":173,"column":7}},"70":{"start":{"line":178,"column":0},"end":{"line":212,"column":2}},"71":{"start":{"line":179,"column":2},"end":{"line":211,"column":3}},"72":{"start":{"line":180,"column":35},"end":{"line":180,"column":43}},"73":{"start":{"line":183,"column":24},"end":{"line":186,"column":20}},"74":{"start":{"line":188,"column":17},"end":{"line":191,"column":6}},"75":{"start":{"line":193,"column":4},"end":{"line":195,"column":5}},"76":{"start":{"line":194,"column":6},"end":{"line":194,"column":82}},"77":{"start":{"line":198,"column":4},"end":{"line":198,"column":32}},"78":{"start":{"line":199,"column":4},"end":{"line":199,"column":40}},"79":{"start":{"line":200,"column":4},"end":{"line":200,"column":42}},"80":{"start":{"line":201,"column":4},"end":{"line":201,"column":22}},"81":{"start":{"line":203,"column":4},"end":{"line":205,"column":7}},"82":{"start":{"line":207,"column":4},"end":{"line":210,"column":7}},"83":{"start":{"line":215,"column":0},"end":{"line":247,"column":2}},"84":{"start":{"line":216,"column":2},"end":{"line":246,"column":3}},"85":{"start":{"line":217,"column":22},"end":{"line":217,"column":31}},"86":{"start":{"line":219,"column":24},"end":{"line":222,"column":20}},"87":{"start":{"line":224,"column":17},"end":{"line":227,"column":6}},"88":{"start":{"line":229,"column":4},"end":{"line":231,"column":5}},"89":{"start":{"line":230,"column":6},"end":{"line":230,"column":82}},"90":{"start":{"line":233,"column":4},"end":{"line":233,"column":30}},"91":{"start":{"line":234,"column":4},"end":{"line":234,"column":44}},"92":{"start":{"line":235,"column":4},"end":{"line":235,"column":46}},"93":{"start":{"line":236,"column":4},"end":{"line":236,"column":22}},"94":{"start":{"line":238,"column":4},"end":{"line":240,"column":7}},"95":{"start":{"line":242,"column":4},"end":{"line":245,"column":7}},"96":{"start":{"line":250,"column":0},"end":{"line":275,"column":2}},"97":{"start":{"line":251,"column":2},"end":{"line":274,"column":3}},"98":{"start":{"line":252,"column":29},"end":{"line":252,"column":37}},"99":{"start":{"line":253,"column":17},"end":{"line":253,"column":49}},"100":{"start":{"line":255,"column":4},"end":{"line":257,"column":5}},"101":{"start":{"line":256,"column":6},"end":{"line":256,"column":65}},"102":{"start":{"line":260,"column":4},"end":{"line":262,"column":6}},"103":{"start":{"line":261,"column":11},"end":{"line":261,"column":35}},"104":{"start":{"line":264,"column":4},"end":{"line":264,"column":22}},"105":{"start":{"line":266,"column":4},"end":{"line":268,"column":7}},"106":{"start":{"line":270,"column":4},"end":{"line":273,"column":7}}},"fnMap":{"0":{"name":"(anonymous_0)","decl":{"start":{"line":9,"column":19},"end":{"line":9,"column":20}},"loc":{"start":{"line":9,"column":39},"end":{"line":37,"column":1}},"line":9},"1":{"name":"(anonymous_1)","decl":{"start":{"line":40,"column":16},"end":{"line":40,"column":17}},"loc":{"start":{"line":40,"column":36},"end":{"line":78,"column":1}},"line":40},"2":{"name":"(anonymous_2)","decl":{"start":{"line":81,"column":23},"end":{"line":81,"column":24}},"loc":{"start":{"line":81,"column":43},"end":{"line":137,"column":1}},"line":81},"3":{"name":"(anonymous_3)","decl":{"start":{"line":98,"column":52},"end":{"line":98,"column":53}},"loc":{"start":{"line":98,"column":57},"end":{"line":98,"column":81}},"line":98},"4":{"name":"(anonymous_4)","decl":{"start":{"line":140,"column":25},"end":{"line":140,"column":26}},"loc":{"start":{"line":140,"column":45},"end":{"line":175,"column":1}},"line":140},"5":{"name":"(anonymous_5)","decl":{"start":{"line":178,"column":24},"end":{"line":178,"column":25}},"loc":{"start":{"line":178,"column":44},"end":{"line":212,"column":1}},"line":178},"6":{"name":"(anonymous_6)","decl":{"start":{"line":215,"column":22},"end":{"line":215,"column":23}},"loc":{"start":{"line":215,"column":42},"end":{"line":247,"column":1}},"line":215},"7":{"name":"(anonymous_7)","decl":{"start":{"line":250,"column":17},"end":{"line":250,"column":18}},"loc":{"start":{"line":250,"column":37},"end":{"line":275,"column":1}},"line":250},"8":{"name":"(anonymous_8)","decl":{"start":{"line":261,"column":6},"end":{"line":261,"column":7}},"loc":{"start":{"line":261,"column":11},"end":{"line":261,"column":35}},"line":261}},"branchMap":{"0":{"loc":{"start":{"line":14,"column":4},"end":{"line":16,"column":5}},"type":"if","locations":[{"start":{"line":14,"column":4},"end":{"line":16,"column":5}},{"start":{},"end":{}}],"line":14},"1":{"loc":{"start":{"line":45,"column":4},"end":{"line":47,"column":5}},"type":"if","locations":[{"start":{"line":45,"column":4},"end":{"line":47,"column":5}},{"start":{},"end":{}}],"line":45},"2":{"loc":{"start":{"line":45,"column":8},"end":{"line":45,"column":57}},"type":"binary-expr","locations":[{"start":{"line":45,"column":8},"end":{"line":45,"column":13}},{"start":{"line":45,"column":17},"end":{"line":45,"column":57}}],"line":45},"3":{"loc":{"start":{"line":49,"column":4},"end":{"line":51,"column":5}},"type":"if","locations":[{"start":{"line":49,"column":4},"end":{"line":51,"column":5}},{"start":{},"end":{}}],"line":49},"4":{"loc":{"start":{"line":85,"column":4},"end":{"line":87,"column":5}},"type":"if","locations":[{"start":{"line":85,"column":4},"end":{"line":87,"column":5}},{"start":{},"end":{}}],"line":85},"5":{"loc":{"start":{"line":93,"column":4},"end":{"line":95,"column":5}},"type":"if","locations":[{"start":{"line":93,"column":4},"end":{"line":95,"column":5}},{"start":{},"end":{}}],"line":93},"6":{"loc":{"start":{"line":99,"column":4},"end":{"line":101,"column":5}},"type":"if","locations":[{"start":{"line":99,"column":4},"end":{"line":101,"column":5}},{"start":{},"end":{}}],"line":99},"7":{"loc":{"start":{"line":110,"column":19},"end":{"line":110,"column":53}},"type":"binary-expr","locations":[{"start":{"line":110,"column":19},"end":{"line":110,"column":45}},{"start":{"line":110,"column":49},"end":{"line":110,"column":53}}],"line":110},"8":{"loc":{"start":{"line":116,"column":19},"end":{"line":116,"column":61}},"type":"binary-expr","locations":[{"start":{"line":116,"column":19},"end":{"line":116,"column":53}},{"start":{"line":116,"column":57},"end":{"line":116,"column":61}}],"line":116},"9":{"loc":{"start":{"line":132,"column":4},"end":{"line":134,"column":5}},"type":"if","locations":[{"start":{"line":132,"column":4},"end":{"line":134,"column":5}},{"start":{},"end":{}}],"line":132},"10":{"loc":{"start":{"line":145,"column":4},"end":{"line":147,"column":5}},"type":"if","locations":[{"start":{"line":145,"column":4},"end":{"line":147,"column":5}},{"start":{},"end":{}}],"line":145},"11":{"loc":{"start":{"line":193,"column":4},"end":{"line":195,"column":5}},"type":"if","locations":[{"start":{"line":193,"column":4},"end":{"line":195,"column":5}},{"start":{},"end":{}}],"line":193},"12":{"loc":{"start":{"line":229,"column":4},"end":{"line":231,"column":5}},"type":"if","locations":[{"start":{"line":229,"column":4},"end":{"line":231,"column":5}},{"start":{},"end":{}}],"line":229},"13":{"loc":{"start":{"line":255,"column":4},"end":{"line":257,"column":5}},"type":"if","locations":[{"start":{"line":255,"column":4},"end":{"line":257,"column":5}},{"start":{},"end":{}}],"line":255}},"s":{"0":0,"1":0,"2":0,"3":0,"4":0,"5":0,"6":0,"7":0,"8":0,"9":0,"10":0,"11":0,"12":0,"13":0,"14":0,"15":0,"16":0,"17":0,"18":0,"19":0,"20":0,"21":0,"22":0,"23":0,"24":0,"25":0,"26":0,"27":0,"28":0,"29":0,"30":0,"31":0,"32":0,"33":0,"34":0,"35":0,"36":0,"37":0,"38":0,"39":0,"40":0,"41":0,"42":0,"43":0,"44":0,"45":0,"46":0,"47":0,"48":0,"49":0,"50":0,"51":0,"52":0,"53":0,"54":0,"55":0,"56":0,"57":0,"58":0,"59":0,"60":0,"61":0,"62":0,"63":0,"64":0,"65":0,"66":0,"67":0,"68":0,"69":0,"70":0,"71":0,"72":0,"73":0,"74":0,"75":0,"76":0,"77":0,"78":0,"79":0,"80":0,"81":0,"82":0,"83":0,"84":0,"85":0,"86":0,"87":0,"88":0,"89":0,"90":0,"91":0,"92":0,"93":0,"94":0,"95":0,"96":0,"97":0,"98":0,"99":0,"100":0,"101":0,"102":0,"103":0,"104":0,"105":0,"106":0},"f":{"0":0,"1":0,"2":0,"3":0,"4":0,"5":0,"6":0,"7":0,"8":0},"b":{"0":[0,0],"1":[0,0],"2":[0,0],"3":[0,0],"4":[0,0],"5":[0,0],"6":[0,0],"7":[0,0],"8":[0,0],"9":[0,0],"10":[0,0],"11":[0,0],"12":[0,0],"13":[0,0]}}
,"/home/wes/apktoolz/backend/src/api/controllers/upload.controller.js": {"path":"/home/wes/apktoolz/backend/src/api/controllers/upload.controller.js","statementMap":{"0":{"start":{"line":1,"column":11},"end":{"line":1,"column":24}},"1":{"start":{"line":2,"column":13},"end":{"line":2,"column":28}},"2":{"start":{"line":3,"column":15},"end":{"line":3,"column":32}},"3":{"start":{"line":4,"column":23},"end":{"line":4,"column":38}},"4":{"start":{"line":5,"column":33},"end":{"line":5,"column":81}},"5":{"start":{"line":6,"column":15},"end":{"line":6,"column":45}},"6":{"start":{"line":7,"column":31},"end":{"line":7,"column":64}},"7":{"start":{"line":8,"column":26},"end":{"line":8,"column":78}},"8":{"start":{"line":11,"column":29},"end":{"line":13,"column":1}},"9":{"start":{"line":12,"column":2},"end":{"line":12,"column":44}},"10":{"start":{"line":15,"column":0},"end":{"line":124,"column":2}},"11":{"start":{"line":16,"column":2},"end":{"line":123,"column":3}},"12":{"start":{"line":17,"column":17},"end":{"line":17,"column":42}},"13":{"start":{"line":19,"column":4},"end":{"line":27,"column":5}},"14":{"start":{"line":20,"column":6},"end":{"line":26,"column":9}},"15":{"start":{"line":29,"column":21},"end":{"line":29,"column":29}},"16":{"start":{"line":30,"column":21},"end":{"line":30,"column":48}},"17":{"start":{"line":31,"column":25},"end":{"line":31,"column":46}},"18":{"start":{"line":33,"column":4},"end":{"line":56,"column":5}},"19":{"start":{"line":34,"column":25},"end":{"line":34,"column":61}},"20":{"start":{"line":35,"column":6},"end":{"line":45,"column":7}},"21":{"start":{"line":37,"column":8},"end":{"line":37,"column":32}},"22":{"start":{"line":38,"column":8},"end":{"line":44,"column":11}},"23":{"start":{"line":48,"column":6},"end":{"line":48,"column":30}},"24":{"start":{"line":49,"column":6},"end":{"line":55,"column":9}},"25":{"start":{"line":59,"column":20},"end":{"line":61,"column":20}},"26":{"start":{"line":64,"column":21},"end":{"line":69,"column":6}},"27":{"start":{"line":72,"column":4},"end":{"line":82,"column":7}},"28":{"start":{"line":85,"column":25},"end":{"line":91,"column":5}},"29":{"start":{"line":94,"column":4},"end":{"line":94,"column":54}},"30":{"start":{"line":96,"column":4},"end":{"line":103,"column":7}},"31":{"start":{"line":105,"column":4},"end":{"line":105,"column":52}},"32":{"start":{"line":108,"column":4},"end":{"line":114,"column":5}},"33":{"start":{"line":109,"column":6},"end":{"line":113,"column":7}},"34":{"start":{"line":110,"column":8},"end":{"line":110,"column":37}},"35":{"start":{"line":112,"column":8},"end":{"line":112,"column":62}},"36":{"start":{"line":116,"column":4},"end":{"line":122,"column":7}}},"fnMap":{"0":{"name":"(anonymous_0)","decl":{"start":{"line":11,"column":29},"end":{"line":11,"column":30}},"loc":{"start":{"line":11,"column":38},"end":{"line":13,"column":1}},"line":11},"1":{"name":"(anonymous_1)","decl":{"start":{"line":15,"column":20},"end":{"line":15,"column":21}},"loc":{"start":{"line":15,"column":40},"end":{"line":124,"column":1}},"line":15}},"branchMap":{"0":{"loc":{"start":{"line":12,"column":9},"end":{"line":12,"column":43}},"type":"binary-expr","locations":[{"start":{"line":12,"column":9},"end":{"line":12,"column":17}},{"start":{"line":12,"column":21},"end":{"line":12,"column":43}}],"line":12},"1":{"loc":{"start":{"line":19,"column":4},"end":{"line":27,"column":5}},"type":"if","locations":[{"start":{"line":19,"column":4},"end":{"line":27,"column":5}},{"start":{},"end":{}}],"line":19},"2":{"loc":{"start":{"line":35,"column":6},"end":{"line":45,"column":7}},"type":"if","locations":[{"start":{"line":35,"column":6},"end":{"line":45,"column":7}},{"start":{},"end":{}}],"line":35},"3":{"loc":{"start":{"line":108,"column":4},"end":{"line":114,"column":5}},"type":"if","locations":[{"start":{"line":108,"column":4},"end":{"line":114,"column":5}},{"start":{},"end":{}}],"line":108}},"s":{"0":0,"1":0,"2":0,"3":0,"4":0,"5":0,"6":0,"7":0,"8":0,"9":0,"10":0,"11":0,"12":0,"13":0,"14":0,"15":0,"16":0,"17":0,"18":0,"19":0,"20":0,"21":0,"22":0,"23":0,"24":0,"25":0,"26":0,"27":0,"28":0,"29":0,"30":0,"31":0,"32":0,"33":0,"34":0,"35":0,"36":0},"f":{"0":0,"1":0},"b":{"0":[0,0],"1":[0,0],"2":[0,0],"3":[0,0]}}
,"/home/wes/apktoolz/backend/src/api/controllers/user.controller.js": {"path":"/home/wes/apktoolz/backend/src/api/controllers/user.controller.js","statementMap":{"0":{"start":{"line":1,"column":13},"end":{"line":1,"column":52}},"1":{"start":{"line":2,"column":15},"end":{"line":2,"column":45}},"2":{"start":{"line":4,"column":0},"end":{"line":49,"column":2}},"3":{"start":{"line":5,"column":2},"end":{"line":48,"column":3}},"4":{"start":{"line":6,"column":38},"end":{"line":6,"column":46}},"5":{"start":{"line":9,"column":25},"end":{"line":9,"column":54}},"6":{"start":{"line":10,"column":4},"end":{"line":18,"column":5}},"7":{"start":{"line":11,"column":6},"end":{"line":17,"column":9}},"8":{"start":{"line":21,"column":17},"end":{"line":25,"column":6}},"9":{"start":{"line":28,"column":25},"end":{"line":28,"column":40}},"10":{"start":{"line":29,"column":4},"end":{"line":29,"column":33}},"11":{"start":{"line":31,"column":4},"end":{"line":31,"column":61}},"12":{"start":{"line":33,"column":4},"end":{"line":38,"column":7}},"13":{"start":{"line":40,"column":4},"end":{"line":40,"column":62}},"14":{"start":{"line":41,"column":4},"end":{"line":47,"column":7}}},"fnMap":{"0":{"name":"(anonymous_0)","decl":{"start":{"line":4,"column":19},"end":{"line":4,"column":20}},"loc":{"start":{"line":4,"column":39},"end":{"line":49,"column":1}},"line":4}},"branchMap":{"0":{"loc":{"start":{"line":10,"column":4},"end":{"line":18,"column":5}},"type":"if","locations":[{"start":{"line":10,"column":4},"end":{"line":18,"column":5}},{"start":{},"end":{}}],"line":10}},"s":{"0":0,"1":0,"2":0,"3":0,"4":0,"5":0,"6":0,"7":0,"8":0,"9":0,"10":0,"11":0,"12":0,"13":0,"14":0},"f":{"0":0},"b":{"0":[0,0]}}
,"/home/wes/apktoolz/backend/src/api/middleware/authMiddleware.js": {"path":"/home/wes/apktoolz/backend/src/api/middleware/authMiddleware.js","statementMap":{"0":{"start":{"line":1,"column":12},"end":{"line":1,"column":35}},"1":{"start":{"line":2,"column":13},"end":{"line":2,"column":52}},"2":{"start":{"line":6,"column":20},"end":{"line":63,"column":1}},"3":{"start":{"line":7,"column":2},"end":{"line":62,"column":3}},"4":{"start":{"line":11,"column":4},"end":{"line":17,"column":5}},"5":{"start":{"line":12,"column":6},"end":{"line":12,"column":54}},"6":{"start":{"line":15,"column":9},"end":{"line":17,"column":5}},"7":{"start":{"line":16,"column":6},"end":{"line":16,"column":32}},"8":{"start":{"line":19,"column":4},"end":{"line":23,"column":5}},"9":{"start":{"line":20,"column":6},"end":{"line":22,"column":9}},"10":{"start":{"line":26,"column":20},"end":{"line":26,"column":61}},"11":{"start":{"line":29,"column":24},"end":{"line":29,"column":55}},"12":{"start":{"line":30,"column":4},"end":{"line":34,"column":5}},"13":{"start":{"line":31,"column":6},"end":{"line":33,"column":9}},"14":{"start":{"line":37,"column":4},"end":{"line":41,"column":5}},"15":{"start":{"line":38,"column":6},"end":{"line":40,"column":9}},"16":{"start":{"line":44,"column":4},"end":{"line":48,"column":5}},"17":{"start":{"line":45,"column":6},"end":{"line":47,"column":9}},"18":{"start":{"line":51,"column":4},"end":{"line":51,"column":27}},"19":{"start":{"line":52,"column":4},"end":{"line":52,"column":11}},"20":{"start":{"line":54,"column":4},"end":{"line":58,"column":5}},"21":{"start":{"line":55,"column":6},"end":{"line":57,"column":9}},"22":{"start":{"line":59,"column":4},"end":{"line":61,"column":7}},"23":{"start":{"line":65,"column":27},"end":{"line":116,"column":1}},"24":{"start":{"line":66,"column":2},"end":{"line":115,"column":3}},"25":{"start":{"line":67,"column":29},"end":{"line":67,"column":37}},"26":{"start":{"line":69,"column":4},"end":{"line":73,"column":5}},"27":{"start":{"line":70,"column":6},"end":{"line":72,"column":9}},"28":{"start":{"line":76,"column":20},"end":{"line":76,"column":76}},"29":{"start":{"line":79,"column":17},"end":{"line":82,"column":6}},"30":{"start":{"line":84,"column":4},"end":{"line":88,"column":5}},"31":{"start":{"line":85,"column":6},"end":{"line":87,"column":9}},"32":{"start":{"line":91,"column":22},"end":{"line":91,"column":76}},"33":{"start":{"line":91,"column":51},"end":{"line":91,"column":75}},"34":{"start":{"line":92,"column":4},"end":{"line":102,"column":5}},"35":{"start":{"line":94,"column":6},"end":{"line":96,"column":8}},"36":{"start":{"line":95,"column":13},"end":{"line":95,"column":37}},"37":{"start":{"line":97,"column":6},"end":{"line":97,"column":24}},"38":{"start":{"line":99,"column":6},"end":{"line":101,"column":9}},"39":{"start":{"line":104,"column":4},"end":{"line":104,"column":20}},"40":{"start":{"line":105,"column":4},"end":{"line":105,"column":11}},"41":{"start":{"line":107,"column":4},"end":{"line":111,"column":5}},"42":{"start":{"line":108,"column":6},"end":{"line":110,"column":9}},"43":{"start":{"line":112,"column":4},"end":{"line":114,"column":7}},"44":{"start":{"line":118,"column":21},"end":{"line":125,"column":1}},"45":{"start":{"line":119,"column":2},"end":{"line":123,"column":3}},"46":{"start":{"line":120,"column":4},"end":{"line":122,"column":7}},"47":{"start":{"line":124,"column":2},"end":{"line":124,"column":9}},"48":{"start":{"line":127,"column":29},"end":{"line":134,"column":1}},"49":{"start":{"line":128,"column":2},"end":{"line":132,"column":3}},"50":{"start":{"line":129,"column":4},"end":{"line":131,"column":7}},"51":{"start":{"line":133,"column":2},"end":{"line":133,"column":9}},"52":{"start":{"line":137,"column":19},"end":{"line":146,"column":1}},"53":{"start":{"line":138,"column":2},"end":{"line":145,"column":4}},"54":{"start":{"line":139,"column":4},"end":{"line":143,"column":5}},"55":{"start":{"line":140,"column":6},"end":{"line":142,"column":9}},"56":{"start":{"line":144,"column":4},"end":{"line":144,"column":11}},"57":{"start":{"line":148,"column":0},"end":{"line":154,"column":2}}},"fnMap":{"0":{"name":"(anonymous_0)","decl":{"start":{"line":6,"column":20},"end":{"line":6,"column":21}},"loc":{"start":{"line":6,"column":46},"end":{"line":63,"column":1}},"line":6},"1":{"name":"(anonymous_1)","decl":{"start":{"line":65,"column":27},"end":{"line":65,"column":28}},"loc":{"start":{"line":65,"column":53},"end":{"line":116,"column":1}},"line":65},"2":{"name":"(anonymous_2)","decl":{"start":{"line":91,"column":46},"end":{"line":91,"column":47}},"loc":{"start":{"line":91,"column":51},"end":{"line":91,"column":75}},"line":91},"3":{"name":"(anonymous_3)","decl":{"start":{"line":95,"column":8},"end":{"line":95,"column":9}},"loc":{"start":{"line":95,"column":13},"end":{"line":95,"column":37}},"line":95},"4":{"name":"(anonymous_4)","decl":{"start":{"line":118,"column":21},"end":{"line":118,"column":22}},"loc":{"start":{"line":118,"column":41},"end":{"line":125,"column":1}},"line":118},"5":{"name":"(anonymous_5)","decl":{"start":{"line":127,"column":29},"end":{"line":127,"column":30}},"loc":{"start":{"line":127,"column":49},"end":{"line":134,"column":1}},"line":127},"6":{"name":"(anonymous_6)","decl":{"start":{"line":137,"column":19},"end":{"line":137,"column":20}},"loc":{"start":{"line":137,"column":33},"end":{"line":146,"column":1}},"line":137},"7":{"name":"(anonymous_7)","decl":{"start":{"line":138,"column":9},"end":{"line":138,"column":10}},"loc":{"start":{"line":138,"column":29},"end":{"line":145,"column":3}},"line":138}},"branchMap":{"0":{"loc":{"start":{"line":11,"column":4},"end":{"line":17,"column":5}},"type":"if","locations":[{"start":{"line":11,"column":4},"end":{"line":17,"column":5}},{"start":{"line":15,"column":9},"end":{"line":17,"column":5}}],"line":11},"1":{"loc":{"start":{"line":11,"column":8},"end":{"line":11,"column":83}},"type":"binary-expr","locations":[{"start":{"line":11,"column":8},"end":{"line":11,"column":33}},{"start":{"line":11,"column":37},"end":{"line":11,"column":83}}],"line":11},"2":{"loc":{"start":{"line":15,"column":9},"end":{"line":17,"column":5}},"type":"if","locations":[{"start":{"line":15,"column":9},"end":{"line":17,"column":5}},{"start":{},"end":{}}],"line":15},"3":{"loc":{"start":{"line":15,"column":13},"end":{"line":15,"column":45}},"type":"binary-expr","locations":[{"start":{"line":15,"column":13},"end":{"line":15,"column":24}},{"start":{"line":15,"column":28},"end":{"line":15,"column":45}}],"line":15},"4":{"loc":{"start":{"line":19,"column":4},"end":{"line":23,"column":5}},"type":"if","locations":[{"start":{"line":19,"column":4},"end":{"line":23,"column":5}},{"start":{},"end":{}}],"line":19},"5":{"loc":{"start":{"line":30,"column":4},"end":{"line":34,"column":5}},"type":"if","locations":[{"start":{"line":30,"column":4},"end":{"line":34,"column":5}},{"start":{},"end":{}}],"line":30},"6":{"loc":{"start":{"line":37,"column":4},"end":{"line":41,"column":5}},"type":"if","locations":[{"start":{"line":37,"column":4},"end":{"line":41,"column":5}},{"start":{},"end":{}}],"line":37},"7":{"loc":{"start":{"line":44,"column":4},"end":{"line":48,"column":5}},"type":"if","locations":[{"start":{"line":44,"column":4},"end":{"line":48,"column":5}},{"start":{},"end":{}}],"line":44},"8":{"loc":{"start":{"line":54,"column":4},"end":{"line":58,"column":5}},"type":"if","locations":[{"start":{"line":54,"column":4},"end":{"line":58,"column":5}},{"start":{},"end":{}}],"line":54},"9":{"loc":{"start":{"line":69,"column":4},"end":{"line":73,"column":5}},"type":"if","locations":[{"start":{"line":69,"column":4},"end":{"line":73,"column":5}},{"start":{},"end":{}}],"line":69},"10":{"loc":{"start":{"line":84,"column":4},"end":{"line":88,"column":5}},"type":"if","locations":[{"start":{"line":84,"column":4},"end":{"line":88,"column":5}},{"start":{},"end":{}}],"line":84},"11":{"loc":{"start":{"line":92,"column":4},"end":{"line":102,"column":5}},"type":"if","locations":[{"start":{"line":92,"column":4},"end":{"line":102,"column":5}},{"start":{},"end":{}}],"line":92},"12":{"loc":{"start":{"line":107,"column":4},"end":{"line":111,"column":5}},"type":"if","locations":[{"start":{"line":107,"column":4},"end":{"line":111,"column":5}},{"start":{},"end":{}}],"line":107},"13":{"loc":{"start":{"line":119,"column":2},"end":{"line":123,"column":3}},"type":"if","locations":[{"start":{"line":119,"column":2},"end":{"line":123,"column":3}},{"start":{},"end":{}}],"line":119},"14":{"loc":{"start":{"line":119,"column":6},"end":{"line":119,"column":44}},"type":"binary-expr","locations":[{"start":{"line":119,"column":6},"end":{"line":119,"column":15}},{"start":{"line":119,"column":19},"end":{"line":119,"column":44}}],"line":119},"15":{"loc":{"start":{"line":128,"column":2},"end":{"line":132,"column":3}},"type":"if","locations":[{"start":{"line":128,"column":2},"end":{"line":132,"column":3}},{"start":{},"end":{}}],"line":128},"16":{"loc":{"start":{"line":139,"column":4},"end":{"line":143,"column":5}},"type":"if","locations":[{"start":{"line":139,"column":4},"end":{"line":143,"column":5}},{"start":{},"end":{}}],"line":139}},"s":{"0":0,"1":0,"2":0,"3":0,"4":0,"5":0,"6":0,"7":0,"8":0,"9":0,"10":0,"11":0,"12":0,"13":0,"14":0,"15":0,"16":0,"17":0,"18":0,"19":0,"20":0,"21":0,"22":0,"23":0,"24":0,"25":0,"26":0,"27":0,"28":0,"29":0,"30":0,"31":0,"32":0,"33":0,"34":0,"35":0,"36":0,"37":0,"38":0,"39":0,"40":0,"41":0,"42":0,"43":0,"44":0,"45":0,"46":0,"47":0,"48":0,"49":0,"50":0,"51":0,"52":0,"53":0,"54":0,"55":0,"56":0,"57":0},"f":{"0":0,"1":0,"2":0,"3":0,"4":0,"5":0,"6":0,"7":0},"b":{"0":[0,0],"1":[0,0],"2":[0,0],"3":[0,0],"4":[0,0],"5":[0,0],"6":[0,0],"7":[0,0],"8":[0,0],"9":[0,0],"10":[0,0],"11":[0,0],"12":[0,0],"13":[0,0],"14":[0,0],"15":[0,0],"16":[0,0]}}
,"/home/wes/apktoolz/backend/src/api/middleware/errorHandler.js": {"path":"/home/wes/apktoolz/backend/src/api/middleware/errorHandler.js","statementMap":{"0":{"start":{"line":1,"column":21},"end":{"line":4,"column":1}},"1":{"start":{"line":2,"column":2},"end":{"line":2,"column":21}},"2":{"start":{"line":3,"column":2},"end":{"line":3,"column":61}},"3":{"start":{"line":6,"column":0},"end":{"line":6,"column":30}}},"fnMap":{"0":{"name":"(anonymous_0)","decl":{"start":{"line":1,"column":21},"end":{"line":1,"column":22}},"loc":{"start":{"line":1,"column":46},"end":{"line":4,"column":1}},"line":1}},"branchMap":{},"s":{"0":0,"1":0,"2":0,"3":0},"f":{"0":0},"b":{}}
,"/home/wes/apktoolz/backend/src/api/middleware/multer.config.js": {"path":"/home/wes/apktoolz/backend/src/api/middleware/multer.config.js","statementMap":{"0":{"start":{"line":1,"column":15},"end":{"line":1,"column":32}},"1":{"start":{"line":2,"column":13},"end":{"line":2,"column":28}},"2":{"start":{"line":3,"column":11},"end":{"line":3,"column":24}},"3":{"start":{"line":4,"column":15},"end":{"line":4,"column":32}},"4":{"start":{"line":6,"column":18},"end":{"line":6,"column":58}},"5":{"start":{"line":9,"column":0},"end":{"line":11,"column":1}},"6":{"start":{"line":10,"column":2},"end":{"line":10,"column":47}},"7":{"start":{"line":13,"column":16},"end":{"line":21,"column":2}},"8":{"start":{"line":15,"column":4},"end":{"line":15,"column":24}},"9":{"start":{"line":18,"column":25},"end":{"line":18,"column":81}},"10":{"start":{"line":19,"column":4},"end":{"line":19,"column":68}},"11":{"start":{"line":23,"column":19},"end":{"line":29,"column":1}},"12":{"start":{"line":24,"column":2},"end":{"line":28,"column":3}},"13":{"start":{"line":25,"column":4},"end":{"line":25,"column":19}},"14":{"start":{"line":27,"column":4},"end":{"line":27,"column":55}},"15":{"start":{"line":31,"column":15},"end":{"line":37,"column":2}},"16":{"start":{"line":39,"column":26},"end":{"line":46,"column":1}},"17":{"start":{"line":40,"column":2},"end":{"line":44,"column":3}},"18":{"start":{"line":41,"column":4},"end":{"line":41,"column":56}},"19":{"start":{"line":42,"column":9},"end":{"line":44,"column":3}},"20":{"start":{"line":43,"column":4},"end":{"line":43,"column":56}},"21":{"start":{"line":45,"column":2},"end":{"line":45,"column":9}},"22":{"start":{"line":48,"column":0},"end":{"line":48,"column":47}}},"fnMap":{"0":{"name":"(anonymous_0)","decl":{"start":{"line":14,"column":15},"end":{"line":14,"column":16}},"loc":{"start":{"line":14,"column":34},"end":{"line":16,"column":3}},"line":14},"1":{"name":"(anonymous_1)","decl":{"start":{"line":17,"column":12},"end":{"line":17,"column":13}},"loc":{"start":{"line":17,"column":31},"end":{"line":20,"column":3}},"line":17},"2":{"name":"(anonymous_2)","decl":{"start":{"line":23,"column":19},"end":{"line":23,"column":20}},"loc":{"start":{"line":23,"column":38},"end":{"line":29,"column":1}},"line":23},"3":{"name":"(anonymous_3)","decl":{"start":{"line":39,"column":26},"end":{"line":39,"column":27}},"loc":{"start":{"line":39,"column":51},"end":{"line":46,"column":1}},"line":39}},"branchMap":{"0":{"loc":{"start":{"line":6,"column":18},"end":{"line":6,"column":58}},"type":"binary-expr","locations":[{"start":{"line":6,"column":18},"end":{"line":6,"column":40}},{"start":{"line":6,"column":44},"end":{"line":6,"column":58}}],"line":6},"1":{"loc":{"start":{"line":9,"column":0},"end":{"line":11,"column":1}},"type":"if","locations":[{"start":{"line":9,"column":0},"end":{"line":11,"column":1}},{"start":{},"end":{}}],"line":9},"2":{"loc":{"start":{"line":24,"column":2},"end":{"line":28,"column":3}},"type":"if","locations":[{"start":{"line":24,"column":2},"end":{"line":28,"column":3}},{"start":{"line":26,"column":9},"end":{"line":28,"column":3}}],"line":24},"3":{"loc":{"start":{"line":40,"column":2},"end":{"line":44,"column":3}},"type":"if","locations":[{"start":{"line":40,"column":2},"end":{"line":44,"column":3}},{"start":{"line":42,"column":9},"end":{"line":44,"column":3}}],"line":40},"4":{"loc":{"start":{"line":42,"column":9},"end":{"line":44,"column":3}},"type":"if","locations":[{"start":{"line":42,"column":9},"end":{"line":44,"column":3}},{"start":{},"end":{}}],"line":42}},"s":{"0":0,"1":0,"2":0,"3":0,"4":0,"5":0,"6":0,"7":0,"8":0,"9":0,"10":0,"11":0,"12":0,"13":0,"14":0,"15":0,"16":0,"17":0,"18":0,"19":0,"20":0,"21":0,"22":0},"f":{"0":0,"1":0,"2":0,"3":0},"b":{"0":[0,0],"1":[0,0],"2":[0,0],"3":[0,0],"4":[0,0]}}
,"/home/wes/apktoolz/backend/src/api/middleware/userValidation.js": {"path":"/home/wes/apktoolz/backend/src/api/middleware/userValidation.js","statementMap":{"0":{"start":{"line":1,"column":33},"end":{"line":52,"column":1}},"1":{"start":{"line":2,"column":36},"end":{"line":2,"column":44}},"2":{"start":{"line":4,"column":17},"end":{"line":4,"column":19}},"3":{"start":{"line":7,"column":2},"end":{"line":11,"column":3}},"4":{"start":{"line":8,"column":4},"end":{"line":8,"column":37}},"5":{"start":{"line":9,"column":9},"end":{"line":11,"column":3}},"6":{"start":{"line":10,"column":4},"end":{"line":10,"column":40}},"7":{"start":{"line":14,"column":2},"end":{"line":32,"column":3}},"8":{"start":{"line":15,"column":4},"end":{"line":15,"column":40}},"9":{"start":{"line":17,"column":4},"end":{"line":19,"column":5}},"10":{"start":{"line":18,"column":6},"end":{"line":18,"column":65}},"11":{"start":{"line":20,"column":4},"end":{"line":22,"column":5}},"12":{"start":{"line":21,"column":6},"end":{"line":21,"column":73}},"13":{"start":{"line":23,"column":4},"end":{"line":25,"column":5}},"14":{"start":{"line":24,"column":6},"end":{"line":24,"column":73}},"15":{"start":{"line":26,"column":4},"end":{"line":28,"column":5}},"16":{"start":{"line":27,"column":6},"end":{"line":27,"column":63}},"17":{"start":{"line":29,"column":4},"end":{"line":31,"column":5}},"18":{"start":{"line":30,"column":6},"end":{"line":30,"column":85}},"19":{"start":{"line":35,"column":2},"end":{"line":39,"column":3}},"20":{"start":{"line":36,"column":4},"end":{"line":36,"column":36}},"21":{"start":{"line":37,"column":9},"end":{"line":39,"column":3}},"22":{"start":{"line":38,"column":4},"end":{"line":38,"column":59}},"23":{"start":{"line":41,"column":2},"end":{"line":49,"column":3}},"24":{"start":{"line":42,"column":4},"end":{"line":48,"column":7}},"25":{"start":{"line":51,"column":2},"end":{"line":51,"column":9}}},"fnMap":{"0":{"name":"(anonymous_0)","decl":{"start":{"line":1,"column":33},"end":{"line":1,"column":34}},"loc":{"start":{"line":1,"column":53},"end":{"line":52,"column":1}},"line":1}},"branchMap":{"0":{"loc":{"start":{"line":7,"column":2},"end":{"line":11,"column":3}},"type":"if","locations":[{"start":{"line":7,"column":2},"end":{"line":11,"column":3}},{"start":{"line":9,"column":9},"end":{"line":11,"column":3}}],"line":7},"1":{"loc":{"start":{"line":9,"column":9},"end":{"line":11,"column":3}},"type":"if","locations":[{"start":{"line":9,"column":9},"end":{"line":11,"column":3}},{"start":{},"end":{}}],"line":9},"2":{"loc":{"start":{"line":14,"column":2},"end":{"line":32,"column":3}},"type":"if","locations":[{"start":{"line":14,"column":2},"end":{"line":32,"column":3}},{"start":{"line":16,"column":9},"end":{"line":32,"column":3}}],"line":14},"3":{"loc":{"start":{"line":17,"column":4},"end":{"line":19,"column":5}},"type":"if","locations":[{"start":{"line":17,"column":4},"end":{"line":19,"column":5}},{"start":{},"end":{}}],"line":17},"4":{"loc":{"start":{"line":20,"column":4},"end":{"line":22,"column":5}},"type":"if","locations":[{"start":{"line":20,"column":4},"end":{"line":22,"column":5}},{"start":{},"end":{}}],"line":20},"5":{"loc":{"start":{"line":23,"column":4},"end":{"line":25,"column":5}},"type":"if","locations":[{"start":{"line":23,"column":4},"end":{"line":25,"column":5}},{"start":{},"end":{}}],"line":23},"6":{"loc":{"start":{"line":26,"column":4},"end":{"line":28,"column":5}},"type":"if","locations":[{"start":{"line":26,"column":4},"end":{"line":28,"column":5}},{"start":{},"end":{}}],"line":26},"7":{"loc":{"start":{"line":29,"column":4},"end":{"line":31,"column":5}},"type":"if","locations":[{"start":{"line":29,"column":4},"end":{"line":31,"column":5}},{"start":{},"end":{}}],"line":29},"8":{"loc":{"start":{"line":35,"column":2},"end":{"line":39,"column":3}},"type":"if","locations":[{"start":{"line":35,"column":2},"end":{"line":39,"column":3}},{"start":{"line":37,"column":9},"end":{"line":39,"column":3}}],"line":35},"9":{"loc":{"start":{"line":37,"column":9},"end":{"line":39,"column":3}},"type":"if","locations":[{"start":{"line":37,"column":9},"end":{"line":39,"column":3}},{"start":{},"end":{}}],"line":37},"10":{"loc":{"start":{"line":41,"column":2},"end":{"line":49,"column":3}},"type":"if","locations":[{"start":{"line":41,"column":2},"end":{"line":49,"column":3}},{"start":{},"end":{}}],"line":41}},"s":{"0":0,"1":0,"2":0,"3":0,"4":0,"5":0,"6":0,"7":0,"8":0,"9":0,"10":0,"11":0,"12":0,"13":0,"14":0,"15":0,"16":0,"17":0,"18":0,"19":0,"20":0,"21":0,"22":0,"23":0,"24":0,"25":0},"f":{"0":0},"b":{"0":[0,0],"1":[0,0],"2":[0,0],"3":[0,0],"4":[0,0],"5":[0,0],"6":[0,0],"7":[0,0],"8":[0,0],"9":[0,0],"10":[0,0]}}
,"/home/wes/apktoolz/backend/src/api/routes/auth.js": {"path":"/home/wes/apktoolz/backend/src/api/routes/auth.js","statementMap":{"0":{"start":{"line":1,"column":16},"end":{"line":1,"column":34}},"1":{"start":{"line":2,"column":57},"end":{"line":2,"column":98}},"2":{"start":{"line":3,"column":23},"end":{"line":3,"column":62}},"3":{"start":{"line":5,"column":15},"end":{"line":5,"column":31}},"4":{"start":{"line":8,"column":0},"end":{"line":8,"column":35}},"5":{"start":{"line":11,"column":0},"end":{"line":11,"column":29}},"6":{"start":{"line":14,"column":0},"end":{"line":14,"column":44}},"7":{"start":{"line":17,"column":0},"end":{"line":17,"column":46}},"8":{"start":{"line":19,"column":0},"end":{"line":19,"column":24}}},"fnMap":{},"branchMap":{},"s":{"0":0,"1":0,"2":0,"3":0,"4":0,"5":0,"6":0,"7":0,"8":0},"f":{},"b":{}}
,"/home/wes/apktoolz/backend/src/api/routes/health.js": {"path":"/home/wes/apktoolz/backend/src/api/routes/health.js","statementMap":{"0":{"start":{"line":1,"column":16},"end":{"line":1,"column":34}},"1":{"start":{"line":2,"column":15},"end":{"line":2,"column":31}},"2":{"start":{"line":4,"column":0},"end":{"line":6,"column":3}},"3":{"start":{"line":5,"column":2},"end":{"line":5,"column":67}},"4":{"start":{"line":8,"column":0},"end":{"line":8,"column":24}}},"fnMap":{"0":{"name":"(anonymous_0)","decl":{"start":{"line":4,"column":16},"end":{"line":4,"column":17}},"loc":{"start":{"line":4,"column":30},"end":{"line":6,"column":1}},"line":4}},"branchMap":{},"s":{"0":0,"1":0,"2":0,"3":0,"4":0},"f":{"0":0},"b":{}}
,"/home/wes/apktoolz/backend/src/api/routes/upload.routes.js": {"path":"/home/wes/apktoolz/backend/src/api/routes/upload.routes.js","statementMap":{"0":{"start":{"line":1,"column":16},"end":{"line":1,"column":34}},"1":{"start":{"line":2,"column":25},"end":{"line":2,"column":68}},"2":{"start":{"line":3,"column":38},"end":{"line":3,"column":76}},"3":{"start":{"line":4,"column":23},"end":{"line":4,"column":62}},"4":{"start":{"line":6,"column":15},"end":{"line":6,"column":31}},"5":{"start":{"line":9,"column":0},"end":{"line":14,"column":2}},"6":{"start":{"line":16,"column":0},"end":{"line":16,"column":24}}},"fnMap":{},"branchMap":{},"s":{"0":1,"1":1,"2":1,"3":1,"4":1,"5":1,"6":1},"f":{},"b":{},"_coverageSchema":"1a1c01bbd47fc00a2c39e90264f33305004495a9","hash":"94a299814780a2215b9cbb6bca998bc4c985f23e"}
,"/home/wes/apktoolz/backend/src/api/routes/user.routes.js": {"path":"/home/wes/apktoolz/backend/src/api/routes/user.routes.js","statementMap":{"0":{"start":{"line":1,"column":16},"end":{"line":1,"column":34}},"1":{"start":{"line":2,"column":15},"end":{"line":2,"column":31}},"2":{"start":{"line":3,"column":21},"end":{"line":3,"column":62}},"3":{"start":{"line":4,"column":37},"end":{"line":4,"column":76}},"4":{"start":{"line":6,"column":0},"end":{"line":6,"column":61}},"5":{"start":{"line":8,"column":0},"end":{"line":8,"column":24}}},"fnMap":{},"branchMap":{},"s":{"0":0,"1":0,"2":0,"3":0,"4":0,"5":0},"f":{},"b":{}}
,"/home/wes/apktoolz/backend/src/core/models/ApkAnalysisResult.model.js": {"path":"/home/wes/apktoolz/backend/src/core/models/ApkAnalysisResult.model.js","statementMap":{"0":{"start":{"line":1,"column":17},"end":{"line":1,"column":36}},"1":{"start":{"line":2,"column":19},"end":{"line":2,"column":27}},"2":{"start":{"line":4,"column":32},"end":{"line":60,"column":24}},"3":{"start":{"line":62,"column":0},"end":{"line":62,"column":78}}},"fnMap":{},"branchMap":{},"s":{"0":1,"1":1,"2":1,"3":1},"f":{},"b":{},"_coverageSchema":"1a1c01bbd47fc00a2c39e90264f33305004495a9","hash":"d122a460739314653437cf68d5915f279af81681"}
,"/home/wes/apktoolz/backend/src/core/models/User.model.js": {"path":"/home/wes/apktoolz/backend/src/core/models/User.model.js","statementMap":{"0":{"start":{"line":1,"column":17},"end":{"line":1,"column":36}},"1":{"start":{"line":2,"column":15},"end":{"line":2,"column":32}},"2":{"start":{"line":5,"column":29},"end":{"line":38,"column":1}},"3":{"start":{"line":41,"column":19},"end":{"line":41,"column":82}},"4":{"start":{"line":44,"column":0},"end":{"line":56,"column":3}},"5":{"start":{"line":46,"column":2},"end":{"line":46,"column":50}},"6":{"start":{"line":46,"column":36},"end":{"line":46,"column":50}},"7":{"start":{"line":48,"column":2},"end":{"line":55,"column":3}},"8":{"start":{"line":49,"column":17},"end":{"line":49,"column":41}},"9":{"start":{"line":50,"column":4},"end":{"line":50,"column":59}},"10":{"start":{"line":51,"column":4},"end":{"line":51,"column":11}},"11":{"start":{"line":53,"column":4},"end":{"line":53,"column":51}},"12":{"start":{"line":54,"column":4},"end":{"line":54,"column":16}},"13":{"start":{"line":59,"column":0},"end":{"line":67,"column":2}},"14":{"start":{"line":63,"column":2},"end":{"line":65,"column":3}},"15":{"start":{"line":64,"column":5},"end":{"line":64,"column":104}},"16":{"start":{"line":66,"column":2},"end":{"line":66,"column":58}},"17":{"start":{"line":70,"column":13},"end":{"line":70,"column":47}},"18":{"start":{"line":72,"column":0},"end":{"line":72,"column":22}}},"fnMap":{"0":{"name":"(anonymous_0)","decl":{"start":{"line":44,"column":23},"end":{"line":44,"column":24}},"loc":{"start":{"line":44,"column":44},"end":{"line":56,"column":1}},"line":44},"1":{"name":"(anonymous_1)","decl":{"start":{"line":59,"column":36},"end":{"line":59,"column":37}},"loc":{"start":{"line":59,"column":70},"end":{"line":67,"column":1}},"line":59}},"branchMap":{"0":{"loc":{"start":{"line":46,"column":2},"end":{"line":46,"column":50}},"type":"if","locations":[{"start":{"line":46,"column":2},"end":{"line":46,"column":50}},{"start":{},"end":{}}],"line":46},"1":{"loc":{"start":{"line":63,"column":2},"end":{"line":65,"column":3}},"type":"if","locations":[{"start":{"line":63,"column":2},"end":{"line":65,"column":3}},{"start":{},"end":{}}],"line":63}},"s":{"0":0,"1":0,"2":0,"3":0,"4":0,"5":0,"6":0,"7":0,"8":0,"9":0,"10":0,"11":0,"12":0,"13":0,"14":0,"15":0,"16":0,"17":0,"18":0},"f":{"0":0,"1":0},"b":{"0":[0,0],"1":[0,0]}}
,"/home/wes/apktoolz/backend/src/core/services/ApkAnalysisService.js": {"path":"/home/wes/apktoolz/backend/src/core/services/ApkAnalysisService.js","statementMap":{"0":{"start":{"line":1,"column":11},"end":{"line":1,"column":24}},"1":{"start":{"line":2,"column":13},"end":{"line":2,"column":28}},"2":{"start":{"line":3,"column":15},"end":{"line":3,"column":32}},"3":{"start":{"line":4,"column":15},"end":{"line":4,"column":45}},"4":{"start":{"line":6,"column":0},"end":{"line":6,"column":37}},"5":{"start":{"line":10,"column":25},"end":{"line":10,"column":72}},"6":{"start":{"line":11,"column":24},"end":{"line":11,"column":62}},"7":{"start":{"line":14,"column":19},"end":{"line":14,"column":38}},"8":{"start":{"line":15,"column":19},"end":{"line":23,"column":6}},"9":{"start":{"line":16,"column":6},"end":{"line":22,"column":9}},"10":{"start":{"line":17,"column":8},"end":{"line":20,"column":9}},"11":{"start":{"line":18,"column":10},"end":{"line":18,"column":68}},"12":{"start":{"line":19,"column":10},"end":{"line":19,"column":74}},"13":{"start":{"line":21,"column":8},"end":{"line":21,"column":30}},"14":{"start":{"line":25,"column":4},"end":{"line":27,"column":5}},"15":{"start":{"line":26,"column":6},"end":{"line":26,"column":67}},"16":{"start":{"line":29,"column":21},"end":{"line":29,"column":36}},"17":{"start":{"line":30,"column":24},"end":{"line":30,"column":43}},"18":{"start":{"line":32,"column":4},"end":{"line":45,"column":6}},"19":{"start":{"line":49,"column":24},"end":{"line":49,"column":57}},"20":{"start":{"line":50,"column":4},"end":{"line":50,"column":77}},"21":{"start":{"line":50,"column":35},"end":{"line":50,"column":59}},"22":{"start":{"line":54,"column":24},"end":{"line":54,"column":55}},"23":{"start":{"line":55,"column":23},"end":{"line":55,"column":55}},"24":{"start":{"line":56,"column":4},"end":{"line":60,"column":34}},"25":{"start":{"line":56,"column":35},"end":{"line":60,"column":5}},"26":{"start":{"line":60,"column":23},"end":{"line":60,"column":32}},"27":{"start":{"line":64,"column":19},"end":{"line":64,"column":50}},"28":{"start":{"line":65,"column":19},"end":{"line":65,"column":21}},"29":{"start":{"line":67,"column":4},"end":{"line":80,"column":5}},"30":{"start":{"line":68,"column":28},"end":{"line":68,"column":50}},"31":{"start":{"line":69,"column":6},"end":{"line":79,"column":7}},"32":{"start":{"line":70,"column":25},"end":{"line":70,"column":48}},"33":{"start":{"line":71,"column":8},"end":{"line":78,"column":9}},"34":{"start":{"line":72,"column":24},"end":{"line":72,"column":48}},"35":{"start":{"line":73,"column":10},"end":{"line":77,"column":13}},"36":{"start":{"line":82,"column":4},"end":{"line":82,"column":22}},"37":{"start":{"line":86,"column":24},"end":{"line":86,"column":26}},"38":{"start":{"line":87,"column":20},"end":{"line":87,"column":21}},"39":{"start":{"line":90,"column":33},"end":{"line":98,"column":5}},"40":{"start":{"line":100,"column":34},"end":{"line":102,"column":5}},"41":{"start":{"line":101,"column":14},"end":{"line":101,"column":49}},"42":{"start":{"line":104,"column":4},"end":{"line":110,"column":5}},"43":{"start":{"line":105,"column":6},"end":{"line":108,"column":9}},"44":{"start":{"line":109,"column":6},"end":{"line":109,"column":53}},"45":{"start":{"line":113,"column":30},"end":{"line":117,"column":7}},"46":{"start":{"line":115,"column":8},"end":{"line":116,"column":45}},"47":{"start":{"line":115,"column":31},"end":{"line":115,"column":58}},"48":{"start":{"line":116,"column":21},"end":{"line":116,"column":43}},"49":{"start":{"line":119,"column":4},"end":{"line":125,"column":5}},"50":{"start":{"line":120,"column":6},"end":{"line":123,"column":9}},"51":{"start":{"line":124,"column":6},"end":{"line":124,"column":48}},"52":{"start":{"line":127,"column":4},"end":{"line":130,"column":6}},"53":{"start":{"line":134,"column":0},"end":{"line":134,"column":42}}},"fnMap":{"0":{"name":"(anonymous_0)","decl":{"start":{"line":9,"column":2},"end":{"line":9,"column":3}},"loc":{"start":{"line":9,"column":43},"end":{"line":46,"column":3}},"line":9},"1":{"name":"(anonymous_1)","decl":{"start":{"line":15,"column":37},"end":{"line":15,"column":38}},"loc":{"start":{"line":15,"column":58},"end":{"line":23,"column":5}},"line":15},"2":{"name":"(anonymous_2)","decl":{"start":{"line":16,"column":38},"end":{"line":16,"column":39}},"loc":{"start":{"line":16,"column":61},"end":{"line":22,"column":7}},"line":16},"3":{"name":"(anonymous_3)","decl":{"start":{"line":48,"column":2},"end":{"line":48,"column":3}},"loc":{"start":{"line":48,"column":32},"end":{"line":51,"column":3}},"line":48},"4":{"name":"(anonymous_4)","decl":{"start":{"line":50,"column":27},"end":{"line":50,"column":28}},"loc":{"start":{"line":50,"column":35},"end":{"line":50,"column":59}},"line":50},"5":{"name":"(anonymous_5)","decl":{"start":{"line":53,"column":2},"end":{"line":53,"column":3}},"loc":{"start":{"line":53,"column":46},"end":{"line":61,"column":3}},"line":53},"6":{"name":"(anonymous_6)","decl":{"start":{"line":56,"column":26},"end":{"line":56,"column":27}},"loc":{"start":{"line":56,"column":35},"end":{"line":60,"column":5}},"line":56},"7":{"name":"(anonymous_7)","decl":{"start":{"line":60,"column":15},"end":{"line":60,"column":16}},"loc":{"start":{"line":60,"column":23},"end":{"line":60,"column":32}},"line":60},"8":{"name":"(anonymous_8)","decl":{"start":{"line":63,"column":2},"end":{"line":63,"column":3}},"loc":{"start":{"line":63,"column":40},"end":{"line":83,"column":3}},"line":63},"9":{"name":"(anonymous_9)","decl":{"start":{"line":85,"column":2},"end":{"line":85,"column":3}},"loc":{"start":{"line":85,"column":46},"end":{"line":131,"column":3}},"line":85},"10":{"name":"(anonymous_10)","decl":{"start":{"line":101,"column":6},"end":{"line":101,"column":7}},"loc":{"start":{"line":101,"column":14},"end":{"line":101,"column":49}},"line":101},"11":{"name":"(anonymous_11)","decl":{"start":{"line":114,"column":15},"end":{"line":114,"column":16}},"loc":{"start":{"line":115,"column":8},"end":{"line":116,"column":45}},"line":115},"12":{"name":"(anonymous_12)","decl":{"start":{"line":115,"column":26},"end":{"line":115,"column":27}},"loc":{"start":{"line":115,"column":31},"end":{"line":115,"column":58}},"line":115},"13":{"name":"(anonymous_13)","decl":{"start":{"line":116,"column":15},"end":{"line":116,"column":16}},"loc":{"start":{"line":116,"column":21},"end":{"line":116,"column":43}},"line":116}},"branchMap":{"0":{"loc":{"start":{"line":17,"column":8},"end":{"line":20,"column":9}},"type":"if","locations":[{"start":{"line":17,"column":8},"end":{"line":20,"column":9}},{"start":{},"end":{}}],"line":17},"1":{"loc":{"start":{"line":25,"column":4},"end":{"line":27,"column":5}},"type":"if","locations":[{"start":{"line":25,"column":4},"end":{"line":27,"column":5}},{"start":{},"end":{}}],"line":25},"2":{"loc":{"start":{"line":25,"column":8},"end":{"line":25,"column":35}},"type":"binary-expr","locations":[{"start":{"line":25,"column":8},"end":{"line":25,"column":15}},{"start":{"line":25,"column":19},"end":{"line":25,"column":35}}],"line":25},"3":{"loc":{"start":{"line":49,"column":24},"end":{"line":49,"column":57}},"type":"binary-expr","locations":[{"start":{"line":49,"column":24},"end":{"line":49,"column":51}},{"start":{"line":49,"column":55},"end":{"line":49,"column":57}}],"line":49},"4":{"loc":{"start":{"line":54,"column":24},"end":{"line":54,"column":55}},"type":"binary-expr","locations":[{"start":{"line":54,"column":24},"end":{"line":54,"column":49}},{"start":{"line":54,"column":53},"end":{"line":54,"column":55}}],"line":54},"5":{"loc":{"start":{"line":55,"column":23},"end":{"line":55,"column":55}},"type":"binary-expr","locations":[{"start":{"line":55,"column":23},"end":{"line":55,"column":49}},{"start":{"line":55,"column":53},"end":{"line":55,"column":55}}],"line":55},"6":{"loc":{"start":{"line":67,"column":4},"end":{"line":80,"column":5}},"type":"if","locations":[{"start":{"line":67,"column":4},"end":{"line":80,"column":5}},{"start":{},"end":{}}],"line":67},"7":{"loc":{"start":{"line":71,"column":8},"end":{"line":78,"column":9}},"type":"if","locations":[{"start":{"line":71,"column":8},"end":{"line":78,"column":9}},{"start":{},"end":{}}],"line":71},"8":{"loc":{"start":{"line":104,"column":4},"end":{"line":110,"column":5}},"type":"if","locations":[{"start":{"line":104,"column":4},"end":{"line":110,"column":5}},{"start":{},"end":{}}],"line":104},"9":{"loc":{"start":{"line":115,"column":31},"end":{"line":115,"column":58}},"type":"binary-expr","locations":[{"start":{"line":115,"column":31},"end":{"line":115,"column":41}},{"start":{"line":115,"column":45},"end":{"line":115,"column":58}}],"line":115},"10":{"loc":{"start":{"line":119,"column":4},"end":{"line":125,"column":5}},"type":"if","locations":[{"start":{"line":119,"column":4},"end":{"line":125,"column":5}},{"start":{},"end":{}}],"line":119}},"s":{"0":3,"1":3,"2":3,"3":3,"4":3,"5":1,"6":1,"7":1,"8":1,"9":1,"10":1,"11":0,"12":0,"13":1,"14":1,"15":0,"16":1,"17":1,"18":1,"19":1,"20":1,"21":2,"22":4,"23":4,"24":4,"25":2,"26":2,"27":1,"28":1,"29":1,"30":1,"31":1,"32":2,"33":2,"34":2,"35":2,"36":1,"37":1,"38":1,"39":1,"40":1,"41":2,"42":1,"43":1,"44":1,"45":1,"46":2,"47":2,"48":1,"49":1,"50":1,"51":1,"52":1,"53":3},"f":{"0":1,"1":1,"2":1,"3":1,"4":2,"5":4,"6":2,"7":2,"8":1,"9":1,"10":2,"11":2,"12":2,"13":1},"b":{"0":[0,1],"1":[0,1],"2":[1,1],"3":[1,0],"4":[4,0],"5":[4,2],"6":[1,0],"7":[2,0],"8":[1,0],"9":[2,1],"10":[1,0]},"_coverageSchema":"1a1c01bbd47fc00a2c39e90264f33305004495a9","hash":"0b74a52d46bd4c87d6aa428e1673fea689c45b03"}
,"/home/wes/apktoolz/backend/src/core/services/ValidationService.js": {"path":"/home/wes/apktoolz/backend/src/core/services/ValidationService.js","statementMap":{"0":{"start":{"line":1,"column":14},"end":{"line":1,"column":30}},"1":{"start":{"line":2,"column":11},"end":{"line":2,"column":24}},"2":{"start":{"line":3,"column":15},"end":{"line":3,"column":45}},"3":{"start":{"line":5,"column":29},"end":{"line":42,"column":1}},"4":{"start":{"line":6,"column":2},"end":{"line":41,"column":5}},"5":{"start":{"line":7,"column":4},"end":{"line":9,"column":5}},"6":{"start":{"line":8,"column":6},"end":{"line":8,"column":66}},"7":{"start":{"line":11,"column":4},"end":{"line":40,"column":7}},"8":{"start":{"line":12,"column":6},"end":{"line":15,"column":7}},"9":{"start":{"line":13,"column":8},"end":{"line":13,"column":63}},"10":{"start":{"line":14,"column":8},"end":{"line":14,"column":75}},"11":{"start":{"line":17,"column":24},"end":{"line":17,"column":29}},"12":{"start":{"line":19,"column":6},"end":{"line":24,"column":9}},"13":{"start":{"line":20,"column":8},"end":{"line":22,"column":9}},"14":{"start":{"line":21,"column":10},"end":{"line":21,"column":29}},"15":{"start":{"line":23,"column":8},"end":{"line":23,"column":28}},"16":{"start":{"line":26,"column":6},"end":{"line":32,"column":9}},"17":{"start":{"line":27,"column":8},"end":{"line":31,"column":9}},"18":{"start":{"line":28,"column":10},"end":{"line":28,"column":66}},"19":{"start":{"line":30,"column":10},"end":{"line":30,"column":37}},"20":{"start":{"line":34,"column":6},"end":{"line":37,"column":9}},"21":{"start":{"line":35,"column":8},"end":{"line":35,"column":61}},"22":{"start":{"line":36,"column":8},"end":{"line":36,"column":68}},"23":{"start":{"line":39,"column":6},"end":{"line":39,"column":26}},"24":{"start":{"line":44,"column":0},"end":{"line":46,"column":2}}},"fnMap":{"0":{"name":"(anonymous_0)","decl":{"start":{"line":5,"column":29},"end":{"line":5,"column":30}},"loc":{"start":{"line":5,"column":43},"end":{"line":42,"column":1}},"line":5},"1":{"name":"(anonymous_1)","decl":{"start":{"line":6,"column":21},"end":{"line":6,"column":22}},"loc":{"start":{"line":6,"column":42},"end":{"line":41,"column":3}},"line":6},"2":{"name":"(anonymous_2)","decl":{"start":{"line":11,"column":48},"end":{"line":11,"column":49}},"loc":{"start":{"line":11,"column":66},"end":{"line":40,"column":5}},"line":11},"3":{"name":"(anonymous_3)","decl":{"start":{"line":19,"column":26},"end":{"line":19,"column":27}},"loc":{"start":{"line":19,"column":37},"end":{"line":24,"column":7}},"line":19},"4":{"name":"(anonymous_4)","decl":{"start":{"line":26,"column":24},"end":{"line":26,"column":25}},"loc":{"start":{"line":26,"column":30},"end":{"line":32,"column":7}},"line":26},"5":{"name":"(anonymous_5)","decl":{"start":{"line":34,"column":26},"end":{"line":34,"column":27}},"loc":{"start":{"line":34,"column":37},"end":{"line":37,"column":7}},"line":34}},"branchMap":{"0":{"loc":{"start":{"line":7,"column":4},"end":{"line":9,"column":5}},"type":"if","locations":[{"start":{"line":7,"column":4},"end":{"line":9,"column":5}},{"start":{},"end":{}}],"line":7},"1":{"loc":{"start":{"line":12,"column":6},"end":{"line":15,"column":7}},"type":"if","locations":[{"start":{"line":12,"column":6},"end":{"line":15,"column":7}},{"start":{},"end":{}}],"line":12},"2":{"loc":{"start":{"line":20,"column":8},"end":{"line":22,"column":9}},"type":"if","locations":[{"start":{"line":20,"column":8},"end":{"line":22,"column":9}},{"start":{},"end":{}}],"line":20},"3":{"loc":{"start":{"line":27,"column":8},"end":{"line":31,"column":9}},"type":"if","locations":[{"start":{"line":27,"column":8},"end":{"line":31,"column":9}},{"start":{"line":29,"column":15},"end":{"line":31,"column":9}}],"line":27}},"s":{"0":2,"1":2,"2":2,"3":2,"4":5,"5":5,"6":1,"7":4,"8":4,"9":1,"10":1,"11":3,"12":3,"13":2,"14":1,"15":2,"16":3,"17":2,"18":1,"19":1,"20":3,"21":1,"22":1,"23":3,"24":2},"f":{"0":5,"1":5,"2":4,"3":2,"4":2,"5":1},"b":{"0":[1,4],"1":[1,3],"2":[1,1],"3":[1,1]},"_coverageSchema":"1a1c01bbd47fc00a2c39e90264f33305004495a9","hash":"866b20fe80aba79c436247330da0f0680daa2cc7"}
,"/home/wes/apktoolz/backend/src/worker/aiAnalysis.js": {"path":"/home/wes/apktoolz/backend/src/worker/aiAnalysis.js","statementMap":{"0":{"start":{"line":1,"column":13},"end":{"line":1,"column":28}},"1":{"start":{"line":2,"column":11},"end":{"line":2,"column":24}},"2":{"start":{"line":3,"column":15},"end":{"line":3,"column":42}},"3":{"start":{"line":10,"column":26},"end":{"line":40,"column":1}},"4":{"start":{"line":11,"column":2},"end":{"line":39,"column":3}},"5":{"start":{"line":21,"column":25},"end":{"line":21,"column":72}},"6":{"start":{"line":22,"column":27},"end":{"line":22,"column":54}},"7":{"start":{"line":24,"column":28},"end":{"line":32,"column":5}},"8":{"start":{"line":34,"column":4},"end":{"line":34,"column":62}},"9":{"start":{"line":35,"column":4},"end":{"line":35,"column":27}},"10":{"start":{"line":37,"column":4},"end":{"line":37,"column":71}},"11":{"start":{"line":38,"column":4},"end":{"line":38,"column":16}},"12":{"start":{"line":42,"column":0},"end":{"line":42,"column":39}}},"fnMap":{"0":{"name":"(anonymous_0)","decl":{"start":{"line":10,"column":26},"end":{"line":10,"column":27}},"loc":{"start":{"line":10,"column":51},"end":{"line":40,"column":1}},"line":10}},"branchMap":{},"s":{"0":2,"1":2,"2":2,"3":2,"4":0,"5":0,"6":0,"7":0,"8":0,"9":0,"10":0,"11":0,"12":2},"f":{"0":0},"b":{},"_coverageSchema":"1a1c01bbd47fc00a2c39e90264f33305004495a9","hash":"242b49c78a8d8a236252dc756b5a55c8f9d0ef86"}
}
